# JRE version: Java(TM) SE Runtime Environment (8.0_191-b12) (build 1.8.0_191-b12)
# Java VM: Java HotSpot(TM) 64-Bit Server VM (25.191-b12 mixed mode windows-amd64 compressed oops)
Heap:
 PSYoungGen      total 109056K, used 73060K [0x0000000780900000, 0x0000000789300000, 0x00000007c0000000)
  eden space 95744K, 62% used [0x0000000780900000,0x000000078435f5d0,0x0000000786680000)
  from space 13312K, 99% used [0x0000000786680000,0x0000000787379cf8,0x0000000787380000)
  to   space 17920K, 0% used [0x0000000788180000,0x0000000788180000,0x0000000789300000)
 ParOldGen       total 91648K, used 18539K [0x0000000701a00000, 0x0000000707380000, 0x0000000780900000)
  object space 91648K, 20% used [0x0000000701a00000,0x0000000702c1ac50,0x0000000707380000)
 Metaspace       used 29664K, capacity 30294K, committed 30640K, reserved 1077248K
  class space    used 3476K, capacity 3659K, committed 3760K, reserved 1048576K
GC Heap History (10 events):
Event: 4.899 GC heap before
{Heap before GC invocations=4 (full 0):
 PSYoungGen      total 57344K, used 57324K [0x0000000780900000, 0x0000000784900000, 0x00000007c0000000)
  eden space 49152K, 100% used [0x0000000780900000,0x0000000783900000,0x0000000783900000)
  from space 8192K, 99% used [0x0000000783900000,0x00000007840fb1e8,0x0000000784100000)
  to   space 8192K, 0% used [0x0000000784100000,0x0000000784100000,0x0000000784900000)
 ParOldGen       total 131072K, used 1514K [0x0000000701a00000, 0x0000000709a00000, 0x0000000780900000)
  object space 131072K, 1% used [0x0000000701a00000,0x0000000701b7aaf8,0x0000000709a00000)
 Metaspace       used 18115K, capacity 18484K, committed 18688K, reserved 1064960K
  class space    used 2162K, capacity 2262K, committed 2304K, reserved 1048576K
Event: 4.916 GC heap after
Heap after GC invocations=4 (full 0):
 PSYoungGen      total 57344K, used 8168K [0x0000000780900000, 0x0000000784900000, 0x00000007c0000000)
  eden space 49152K, 0% used [0x0000000780900000,0x0000000780900000,0x0000000783900000)
  from space 8192K, 99% used [0x0000000784100000,0x00000007848fa020,0x0000000784900000)
  to   space 8192K, 0% used [0x0000000783900000,0x0000000783900000,0x0000000784100000)
 ParOldGen       total 131072K, used 4216K [0x0000000701a00000, 0x0000000709a00000, 0x0000000780900000)
  object space 131072K, 3% used [0x0000000701a00000,0x0000000701e1e318,0x0000000709a00000)
 Metaspace       used 18115K, capacity 18484K, committed 18688K, reserved 1064960K
  class space    used 2162K, capacity 2262K, committed 2304K, reserved 1048576K
}
Event: 6.049 GC heap before
{Heap before GC invocations=5 (full 0):
 PSYoungGen      total 57344K, used 55581K [0x0000000780900000, 0x0000000784900000, 0x00000007c0000000)
  eden space 49152K, 96% used [0x0000000780900000,0x000000078374d468,0x0000000783900000)
  from space 8192K, 99% used [0x0000000784100000,0x00000007848fa020,0x0000000784900000)
  to   space 8192K, 0% used [0x0000000783900000,0x0000000783900000,0x0000000784100000)
 ParOldGen       total 131072K, used 4216K [0x0000000701a00000, 0x0000000709a00000, 0x0000000780900000)
  object space 131072K, 3% used [0x0000000701a00000,0x0000000701e1e318,0x0000000709a00000)
 Metaspace       used 20728K, capacity 21232K, committed 21296K, reserved 1069056K
  class space    used 2464K, capacity 2606K, committed 2608K, reserved 1048576K
Event: 6.064 GC heap after
Heap after GC invocations=5 (full 0):
 PSYoungGen      total 57344K, used 8184K [0x0000000780900000, 0x0000000788200000, 0x00000007c0000000)
  eden space 49152K, 0% used [0x0000000780900000,0x0000000780900000,0x0000000783900000)
  from space 8192K, 99% used [0x0000000783900000,0x00000007840fe050,0x0000000784100000)
  to   space 12800K, 0% used [0x0000000787580000,0x0000000787580000,0x0000000788200000)
 ParOldGen       total 131072K, used 7183K [0x0000000701a00000, 0x0000000709a00000, 0x0000000780900000)
  object space 131072K, 5% used [0x0000000701a00000,0x0000000702103d18,0x0000000709a00000)
 Metaspace       used 20728K, capacity 21232K, committed 21296K, reserved 1069056K
  class space    used 2464K, capacity 2606K, committed 2608K, reserved 1048576K
}
Event: 6.064 GC heap before
{Heap before GC invocations=6 (full 1):
 PSYoungGen      total 57344K, used 8184K [0x0000000780900000, 0x0000000788200000, 0x00000007c0000000)
  eden space 49152K, 0% used [0x0000000780900000,0x0000000780900000,0x0000000783900000)
  from space 8192K, 99% used [0x0000000783900000,0x00000007840fe050,0x0000000784100000)
  to   space 12800K, 0% used [0x0000000787580000,0x0000000787580000,0x0000000788200000)
 ParOldGen       total 131072K, used 7183K [0x0000000701a00000, 0x0000000709a00000, 0x0000000780900000)
  object space 131072K, 5% used [0x0000000701a00000,0x0000000702103d18,0x0000000709a00000)
 Metaspace       used 20728K, capacity 21232K, committed 21296K, reserved 1069056K
  class space    used 2464K, capacity 2606K, committed 2608K, reserved 1048576K
Event: 6.141 GC heap after
Heap after GC invocations=6 (full 1):
 PSYoungGen      total 57344K, used 0K [0x0000000780900000, 0x0000000788200000, 0x00000007c0000000)
  eden space 49152K, 0% used [0x0000000780900000,0x0000000780900000,0x0000000783900000)
  from space 8192K, 0% used [0x0000000783900000,0x0000000783900000,0x0000000784100000)
  to   space 12800K, 0% used [0x0000000787580000,0x0000000787580000,0x0000000788200000)
 ParOldGen       total 91648K, used 12347K [0x0000000701a00000, 0x0000000707380000, 0x0000000780900000)
  object space 91648K, 13% used [0x0000000701a00000,0x000000070260eda8,0x0000000707380000)
 Metaspace       used 20728K, capacity 21232K, committed 21296K, reserved 1069056K
  class space    used 2464K, capacity 2606K, committed 2608K, reserved 1048576K
}
Event: 7.211 GC heap before
{Heap before GC invocations=7 (full 1):
 PSYoungGen      total 57344K, used 48910K [0x0000000780900000, 0x0000000788200000, 0x00000007c0000000)
  eden space 49152K, 99% used [0x0000000780900000,0x00000007838c3920,0x0000000783900000)
  from space 8192K, 0% used [0x0000000783900000,0x0000000783900000,0x0000000784100000)
  to   space 12800K, 0% used [0x0000000787580000,0x0000000787580000,0x0000000788200000)
 ParOldGen       total 91648K, used 12347K [0x0000000701a00000, 0x0000000707380000, 0x0000000780900000)
  object space 91648K, 13% used [0x0000000701a00000,0x000000070260eda8,0x0000000707380000)
 Metaspace       used 23706K, capacity 24296K, committed 24496K, reserved 1071104K
  class space    used 2816K, capacity 2962K, committed 2992K, reserved 1048576K
Event: 7.222 GC heap after
Heap after GC invocations=7 (full 1):
 PSYoungGen      total 82944K, used 11111K [0x0000000780900000, 0x0000000788080000, 0x00000007c0000000)
  eden space 71680K, 0% used [0x0000000780900000,0x0000000780900000,0x0000000784f00000)
  from space 11264K, 98% used [0x0000000787580000,0x0000000788059cb8,0x0000000788080000)
  to   space 13312K, 0% used [0x0000000786680000,0x0000000786680000,0x0000000787380000)
 ParOldGen       total 91648K, used 12355K [0x0000000701a00000, 0x0000000707380000, 0x0000000780900000)
  object space 91648K, 13% used [0x0000000701a00000,0x0000000702610da8,0x0000000707380000)
 Metaspace       used 23706K, capacity 24296K, committed 24496K, reserved 1071104K
  class space    used 2816K, capacity 2962K, committed 2992K, reserved 1048576K
}
Event: 8.977 GC heap before
{Heap before GC invocations=8 (full 1):
 PSYoungGen      total 82944K, used 82791K [0x0000000780900000, 0x0000000788080000, 0x00000007c0000000)
  eden space 71680K, 100% used [0x0000000780900000,0x0000000784f00000,0x0000000784f00000)
  from space 11264K, 98% used [0x0000000787580000,0x0000000788059cb8,0x0000000788080000)
  to   space 13312K, 0% used [0x0000000786680000,0x0000000786680000,0x0000000787380000)
 ParOldGen       total 91648K, used 12355K [0x0000000701a00000, 0x0000000707380000, 0x0000000780900000)
  object space 91648K, 13% used [0x0000000701a00000,0x0000000702610da8,0x0000000707380000)
 Metaspace       used 29610K, capacity 30284K, committed 30640K, reserved 1077248K
  class space    used 3473K, capacity 3657K, committed 3760K, reserved 1048576K
Event: 9.000 GC heap after
Heap after GC invocations=8 (full 1):
 PSYoungGen      total 109056K, used 13287K [0x0000000780900000, 0x0000000789300000, 0x00000007c0000000)
  eden space 95744K, 0% used [0x0000000780900000,0x0000000780900000,0x0000000786680000)
  from space 13312K, 99% used [0x0000000786680000,0x0000000787379cf8,0x0000000787380000)
  to   space 17920K, 0% used [0x0000000788180000,0x0000000788180000,0x0000000789300000)
 ParOldGen       total 91648K, used 18539K [0x0000000701a00000, 0x0000000707380000, 0x0000000780900000)
  object space 91648K, 20% used [0x0000000701a00000,0x0000000702c1ac50,0x0000000707380000)
 Metaspace       used 29610K, capacity 30284K, committed 30640K, reserved 1077248K
  class space    used 3473K, capacity 3657K, committed 3760K, reserved 1048576K
}

