# JRE version: Java(TM) SE Runtime Environment (8.0_191-b12) (build 1.8.0_191-b12)
# Java VM: Java HotSpot(TM) 64-Bit Server VM (25.191-b12 mixed mode windows-amd64 compressed oops)
Heap:
 PSYoungGen      total 86016K, used 56475K [0x0000000780900000, 0x0000000788180000, 0x00000007c0000000)
  eden space 72192K, 59% used [0x0000000780900000,0x00000007832aeab0,0x0000000784f80000)
  from space 13824K, 99% used [0x0000000786680000,0x00000007873f8360,0x0000000787400000)
  to   space 12288K, 0% used [0x0000000787580000,0x0000000787580000,0x0000000788180000)
 ParOldGen       total 92672K, used 18183K [0x0000000701a00000, 0x0000000707480000, 0x0000000780900000)
  object space 92672K, 19% used [0x0000000701a00000,0x0000000702bc1cf0,0x0000000707480000)
 Metaspace       used 29648K, capacity 30284K, committed 30640K, reserved 1077248K
  class space    used 3470K, capacity 3657K, committed 3760K, reserved 1048576K
GC Heap History (10 events):
Event: 4.523 GC heap before
{Heap before GC invocations=4 (full 0):
 PSYoungGen      total 57344K, used 57323K [0x0000000780900000, 0x0000000784900000, 0x00000007c0000000)
  eden space 49152K, 100% used [0x0000000780900000,0x0000000783900000,0x0000000783900000)
  from space 8192K, 99% used [0x0000000783900000,0x00000007840faf90,0x0000000784100000)
  to   space 8192K, 0% used [0x0000000784100000,0x0000000784100000,0x0000000784900000)
 ParOldGen       total 131072K, used 1466K [0x0000000701a00000, 0x0000000709a00000, 0x0000000780900000)
  object space 131072K, 1% used [0x0000000701a00000,0x0000000701b6ea08,0x0000000709a00000)
 Metaspace       used 18067K, capacity 18484K, committed 18688K, reserved 1064960K
  class space    used 2159K, capacity 2262K, committed 2304K, reserved 1048576K
Event: 4.535 GC heap after
Heap after GC invocations=4 (full 0):
 PSYoungGen      total 57344K, used 8184K [0x0000000780900000, 0x0000000787900000, 0x00000007c0000000)
  eden space 49152K, 0% used [0x0000000780900000,0x0000000780900000,0x0000000783900000)
  from space 8192K, 99% used [0x0000000784100000,0x00000007848fe030,0x0000000784900000)
  to   space 8192K, 0% used [0x0000000783900000,0x0000000783900000,0x0000000784100000)
 ParOldGen       total 131072K, used 4164K [0x0000000701a00000, 0x0000000709a00000, 0x0000000780900000)
  object space 131072K, 3% used [0x0000000701a00000,0x0000000701e111d8,0x0000000709a00000)
 Metaspace       used 18067K, capacity 18484K, committed 18688K, reserved 1064960K
  class space    used 2159K, capacity 2262K, committed 2304K, reserved 1048576K
}
Event: 5.619 GC heap before
{Heap before GC invocations=5 (full 0):
 PSYoungGen      total 57344K, used 54151K [0x0000000780900000, 0x0000000787900000, 0x00000007c0000000)
  eden space 49152K, 93% used [0x0000000780900000,0x00000007835e3fb8,0x0000000783900000)
  from space 8192K, 99% used [0x0000000784100000,0x00000007848fe030,0x0000000784900000)
  to   space 8192K, 0% used [0x0000000783900000,0x0000000783900000,0x0000000784100000)
 ParOldGen       total 131072K, used 4164K [0x0000000701a00000, 0x0000000709a00000, 0x0000000780900000)
  object space 131072K, 3% used [0x0000000701a00000,0x0000000701e111d8,0x0000000709a00000)
 Metaspace       used 20687K, capacity 21232K, committed 21296K, reserved 1069056K
  class space    used 2464K, capacity 2606K, committed 2608K, reserved 1048576K
Event: 5.633 GC heap after
Heap after GC invocations=5 (full 0):
 PSYoungGen      total 57344K, used 8184K [0x0000000780900000, 0x0000000788200000, 0x00000007c0000000)
  eden space 49152K, 0% used [0x0000000780900000,0x0000000780900000,0x0000000783900000)
  from space 8192K, 99% used [0x0000000783900000,0x00000007840fe050,0x0000000784100000)
  to   space 12800K, 0% used [0x0000000787580000,0x0000000787580000,0x0000000788200000)
 ParOldGen       total 131072K, used 7133K [0x0000000701a00000, 0x0000000709a00000, 0x0000000780900000)
  object space 131072K, 5% used [0x0000000701a00000,0x00000007020f7540,0x0000000709a00000)
 Metaspace       used 20687K, capacity 21232K, committed 21296K, reserved 1069056K
  class space    used 2464K, capacity 2606K, committed 2608K, reserved 1048576K
}
Event: 5.633 GC heap before
{Heap before GC invocations=6 (full 1):
 PSYoungGen      total 57344K, used 8184K [0x0000000780900000, 0x0000000788200000, 0x00000007c0000000)
  eden space 49152K, 0% used [0x0000000780900000,0x0000000780900000,0x0000000783900000)
  from space 8192K, 99% used [0x0000000783900000,0x00000007840fe050,0x0000000784100000)
  to   space 12800K, 0% used [0x0000000787580000,0x0000000787580000,0x0000000788200000)
 ParOldGen       total 131072K, used 7133K [0x0000000701a00000, 0x0000000709a00000, 0x0000000780900000)
  object space 131072K, 5% used [0x0000000701a00000,0x00000007020f7540,0x0000000709a00000)
 Metaspace       used 20687K, capacity 21232K, committed 21296K, reserved 1069056K
  class space    used 2464K, capacity 2606K, committed 2608K, reserved 1048576K
Event: 5.704 GC heap after
Heap after GC invocations=6 (full 1):
 PSYoungGen      total 57344K, used 0K [0x0000000780900000, 0x0000000788200000, 0x00000007c0000000)
  eden space 49152K, 0% used [0x0000000780900000,0x0000000780900000,0x0000000783900000)
  from space 8192K, 0% used [0x0000000783900000,0x0000000783900000,0x0000000784100000)
  to   space 12800K, 0% used [0x0000000787580000,0x0000000787580000,0x0000000788200000)
 ParOldGen       total 92672K, used 12346K [0x0000000701a00000, 0x0000000707480000, 0x0000000780900000)
  object space 92672K, 13% used [0x0000000701a00000,0x000000070260e960,0x0000000707480000)
 Metaspace       used 20687K, capacity 21232K, committed 21296K, reserved 1069056K
  class space    used 2464K, capacity 2606K, committed 2608K, reserved 1048576K
}
Event: 6.769 GC heap before
{Heap before GC invocations=7 (full 1):
 PSYoungGen      total 57344K, used 49152K [0x0000000780900000, 0x0000000788200000, 0x00000007c0000000)
  eden space 49152K, 100% used [0x0000000780900000,0x0000000783900000,0x0000000783900000)
  from space 8192K, 0% used [0x0000000783900000,0x0000000783900000,0x0000000784100000)
  to   space 12800K, 0% used [0x0000000787580000,0x0000000787580000,0x0000000788200000)
 ParOldGen       total 92672K, used 12346K [0x0000000701a00000, 0x0000000707480000, 0x0000000780900000)
  object space 92672K, 13% used [0x0000000701a00000,0x000000070260e960,0x0000000707480000)
 Metaspace       used 23675K, capacity 24296K, committed 24496K, reserved 1071104K
  class space    used 2812K, capacity 2962K, committed 2992K, reserved 1048576K
Event: 6.783 GC heap after
Heap after GC invocations=7 (full 1):
 PSYoungGen      total 84480K, used 11967K [0x0000000780900000, 0x0000000788180000, 0x00000007c0000000)
  eden space 72192K, 0% used [0x0000000780900000,0x0000000780900000,0x0000000784f80000)
  from space 12288K, 97% used [0x0000000787580000,0x000000078812fdf0,0x0000000788180000)
  to   space 13824K, 0% used [0x0000000786680000,0x0000000786680000,0x0000000787400000)
 ParOldGen       total 92672K, used 12354K [0x0000000701a00000, 0x0000000707480000, 0x0000000780900000)
  object space 92672K, 13% used [0x0000000701a00000,0x0000000702610960,0x0000000707480000)
 Metaspace       used 23675K, capacity 24296K, committed 24496K, reserved 1071104K
  class space    used 2812K, capacity 2962K, committed 2992K, reserved 1048576K
}
Event: 8.482 GC heap before
{Heap before GC invocations=8 (full 1):
 PSYoungGen      total 84480K, used 84159K [0x0000000780900000, 0x0000000788180000, 0x00000007c0000000)
  eden space 72192K, 100% used [0x0000000780900000,0x0000000784f80000,0x0000000784f80000)
  from space 12288K, 97% used [0x0000000787580000,0x000000078812fdf0,0x0000000788180000)
  to   space 13824K, 0% used [0x0000000786680000,0x0000000786680000,0x0000000787400000)
 ParOldGen       total 92672K, used 12354K [0x0000000701a00000, 0x0000000707480000, 0x0000000780900000)
  object space 92672K, 13% used [0x0000000701a00000,0x0000000702610960,0x0000000707480000)
 Metaspace       used 29598K, capacity 30284K, committed 30640K, reserved 1077248K
  class space    used 3470K, capacity 3657K, committed 3760K, reserved 1048576K
Event: 8.506 GC heap after
Heap after GC invocations=8 (full 1):
 PSYoungGen      total 86016K, used 13792K [0x0000000780900000, 0x0000000788180000, 0x00000007c0000000)
  eden space 72192K, 0% used [0x0000000780900000,0x0000000780900000,0x0000000784f80000)
  from space 13824K, 99% used [0x0000000786680000,0x00000007873f8360,0x0000000787400000)
  to   space 12288K, 0% used [0x0000000787580000,0x0000000787580000,0x0000000788180000)
 ParOldGen       total 92672K, used 18183K [0x0000000701a00000, 0x0000000707480000, 0x0000000780900000)
  object space 92672K, 19% used [0x0000000701a00000,0x0000000702bc1cf0,0x0000000707480000)
 Metaspace       used 29598K, capacity 30284K, committed 30640K, reserved 1077248K
  class space    used 3470K, capacity 3657K, committed 3760K, reserved 1048576K
}

